SF:/Users/swarnim/repos/dummy-rust-test/src/main.rs
FN:1,_RNvCscseK9aqR36C_10dummy_rust4main
FN:8,_RNvCscseK9aqR36C_10dummy_rusts_4test
FN:7,_RNCNvCscseK9aqR36C_10dummy_rust4test0B3_
FN:1,_RNvCscseK9aqR36C_10dummy_rusts_4main
FNDA:1,_RNvCscseK9aqR36C_10dummy_rust4main
FNDA:1,_RNvCscseK9aqR36C_10dummy_rusts_4test
FNDA:1,_RNCNvCscseK9aqR36C_10dummy_rust4test0B3_
FNDA:1,_RNvCscseK9aqR36C_10dummy_rusts_4main
FNF:4
FNH:4
DA:1,1
DA:2,1
DA:3,0
DA:4,1
DA:5,1
DA:7,1
DA:8,1
DA:9,1
DA:10,1
BRF:0
BRH:0
LF:10
LH:9
end_of_record